2023-07-01 18:40:13.460 [main] WARN  SETUP - writter replaced
2023-07-01 18:40:13.463 [main] INFO   - [PrintWrapper{install:26}]: test replace from net.home.main.MainFrame.<clinit>(MainFrame.java:53)
2023-07-01 18:40:13.575 [main] INFO   - init net.home.anydesk.AnyDesk
2023-07-01 18:40:15.272 [AWT-EventQueue-0] INFO   - [Throwable$WrappedPrintStream{println:763}]: java.lang.AbstractMethodError: Receiver class net.home.anydesk.AnyDesk does not define or inherit an implementation of the resolved method 'abstract int[] version()' of abstract class net.home.main.FrameObject.
2023-07-01 18:40:15.272 [AWT-EventQueue-0] INFO   - [Throwable$WrappedPrintStream{println:763}]: 	at net.home.main.FrameObject.versionString(FrameObject.java:57)
2023-07-01 18:40:15.273 [AWT-EventQueue-0] INFO   - [Throwable$WrappedPrintStream{println:763}]: 	at net.home.main.FrameObject.run(FrameObject.java:14)
2023-07-01 18:40:15.273 [AWT-EventQueue-0] INFO   - [Throwable$WrappedPrintStream{println:763}]: 	at net.home.main.MainFrame.lambda$0(MainFrame.java:85)
2023-07-01 18:40:15.274 [AWT-EventQueue-0] INFO   - [Throwable$WrappedPrintStream{println:763}]: 	at net.w3e.base.api.window.AbstractFrameWin$2.actionPerformed(AbstractFrameWin.java:71)
2023-07-01 18:40:15.274 [AWT-EventQueue-0] INFO   - [Throwable$WrappedPrintStream{println:763}]: 	at java.desktop/javax.swing.AbstractButton.fireActionPerformed(AbstractButton.java:1972)
2023-07-01 18:40:15.275 [AWT-EventQueue-0] INFO   - [Throwable$WrappedPrintStream{println:763}]: 	at java.desktop/javax.swing.AbstractButton$Handler.actionPerformed(AbstractButton.java:2313)
2023-07-01 18:40:15.275 [AWT-EventQueue-0] INFO   - [Throwable$WrappedPrintStream{println:763}]: 	at java.desktop/javax.swing.DefaultButtonModel.fireActionPerformed(DefaultButtonModel.java:405)
2023-07-01 18:40:15.276 [AWT-EventQueue-0] INFO   - [Throwable$WrappedPrintStream{println:763}]: 	at java.desktop/javax.swing.DefaultButtonModel.setPressed(DefaultButtonModel.java:262)
2023-07-01 18:40:15.276 [AWT-EventQueue-0] INFO   - [Throwable$WrappedPrintStream{println:763}]: 	at java.desktop/javax.swing.plaf.basic.BasicButtonListener.mouseReleased(BasicButtonListener.java:279)
2023-07-01 18:40:15.277 [AWT-EventQueue-0] INFO   - [Throwable$WrappedPrintStream{println:763}]: 	at java.desktop/java.awt.Component.processMouseEvent(Component.java:6626)
2023-07-01 18:40:15.278 [AWT-EventQueue-0] INFO   - [Throwable$WrappedPrintStream{println:763}]: 	at java.desktop/javax.swing.JComponent.processMouseEvent(JComponent.java:3389)
2023-07-01 18:40:15.278 [AWT-EventQueue-0] INFO   - [Throwable$WrappedPrintStream{println:763}]: 	at java.desktop/java.awt.Component.processEvent(Component.java:6391)
2023-07-01 18:40:15.279 [AWT-EventQueue-0] INFO   - [Throwable$WrappedPrintStream{println:763}]: 	at java.desktop/java.awt.Container.processEvent(Container.java:2266)
2023-07-01 18:40:15.279 [AWT-EventQueue-0] INFO   - [Throwable$WrappedPrintStream{println:763}]: 	at java.desktop/java.awt.Component.dispatchEventImpl(Component.java:5001)
2023-07-01 18:40:15.279 [AWT-EventQueue-0] INFO   - [Throwable$WrappedPrintStream{println:763}]: 	at java.desktop/java.awt.Container.dispatchEventImpl(Container.java:2324)
2023-07-01 18:40:15.280 [AWT-EventQueue-0] INFO   - [Throwable$WrappedPrintStream{println:763}]: 	at java.desktop/java.awt.Component.dispatchEvent(Component.java:4833)
2023-07-01 18:40:15.280 [AWT-EventQueue-0] INFO   - [Throwable$WrappedPrintStream{println:763}]: 	at java.desktop/java.awt.LightweightDispatcher.retargetMouseEvent(Container.java:4948)
2023-07-01 18:40:15.280 [AWT-EventQueue-0] INFO   - [Throwable$WrappedPrintStream{println:763}]: 	at java.desktop/java.awt.LightweightDispatcher.processMouseEvent(Container.java:4575)
2023-07-01 18:40:15.281 [AWT-EventQueue-0] INFO   - [Throwable$WrappedPrintStream{println:763}]: 	at java.desktop/java.awt.LightweightDispatcher.dispatchEvent(Container.java:4516)
2023-07-01 18:40:15.281 [AWT-EventQueue-0] INFO   - [Throwable$WrappedPrintStream{println:763}]: 	at java.desktop/java.awt.Container.dispatchEventImpl(Container.java:2310)
2023-07-01 18:40:15.282 [AWT-EventQueue-0] INFO   - [Throwable$WrappedPrintStream{println:763}]: 	at java.desktop/java.awt.Window.dispatchEventImpl(Window.java:2780)
2023-07-01 18:40:15.282 [AWT-EventQueue-0] INFO   - [Throwable$WrappedPrintStream{println:763}]: 	at java.desktop/java.awt.Component.dispatchEvent(Component.java:4833)
2023-07-01 18:40:15.283 [AWT-EventQueue-0] INFO   - [Throwable$WrappedPrintStream{println:763}]: 	at java.desktop/java.awt.EventQueue.dispatchEventImpl(EventQueue.java:773)
2023-07-01 18:40:15.283 [AWT-EventQueue-0] INFO   - [Throwable$WrappedPrintStream{println:763}]: 	at java.desktop/java.awt.EventQueue$4.run(EventQueue.java:722)
2023-07-01 18:40:15.284 [AWT-EventQueue-0] INFO   - [Throwable$WrappedPrintStream{println:763}]: 	at java.desktop/java.awt.EventQueue$4.run(EventQueue.java:716)
2023-07-01 18:40:15.284 [AWT-EventQueue-0] INFO   - [Throwable$WrappedPrintStream{println:763}]: 	at java.base/java.security.AccessController.doPrivileged(AccessController.java:399)
2023-07-01 18:40:15.284 [AWT-EventQueue-0] INFO   - [Throwable$WrappedPrintStream{println:763}]: 	at java.base/java.security.ProtectionDomain$JavaSecurityAccessImpl.doIntersectionPrivilege(ProtectionDomain.java:86)
2023-07-01 18:40:15.285 [AWT-EventQueue-0] INFO   - [Throwable$WrappedPrintStream{println:763}]: 	at java.base/java.security.ProtectionDomain$JavaSecurityAccessImpl.doIntersectionPrivilege(ProtectionDomain.java:97)
2023-07-01 18:40:15.285 [AWT-EventQueue-0] INFO   - [Throwable$WrappedPrintStream{println:763}]: 	at java.desktop/java.awt.EventQueue$5.run(EventQueue.java:746)
2023-07-01 18:40:15.285 [AWT-EventQueue-0] INFO   - [Throwable$WrappedPrintStream{println:763}]: 	at java.desktop/java.awt.EventQueue$5.run(EventQueue.java:744)
2023-07-01 18:40:15.286 [AWT-EventQueue-0] INFO   - [Throwable$WrappedPrintStream{println:763}]: 	at java.base/java.security.AccessController.doPrivileged(AccessController.java:399)
2023-07-01 18:40:15.286 [AWT-EventQueue-0] INFO   - [Throwable$WrappedPrintStream{println:763}]: 	at java.base/java.security.ProtectionDomain$JavaSecurityAccessImpl.doIntersectionPrivilege(ProtectionDomain.java:86)
2023-07-01 18:40:15.286 [AWT-EventQueue-0] INFO   - [Throwable$WrappedPrintStream{println:763}]: 	at java.desktop/java.awt.EventQueue.dispatchEvent(EventQueue.java:743)
2023-07-01 18:40:15.289 [AWT-EventQueue-0] INFO   - [Throwable$WrappedPrintStream{println:763}]: 	at java.desktop/java.awt.EventDispatchThread.pumpOneEventForFilters(EventDispatchThread.java:203)
2023-07-01 18:40:15.290 [AWT-EventQueue-0] INFO   - [Throwable$WrappedPrintStream{println:763}]: 	at java.desktop/java.awt.EventDispatchThread.pumpEventsForFilter(EventDispatchThread.java:124)
2023-07-01 18:40:15.290 [AWT-EventQueue-0] INFO   - [Throwable$WrappedPrintStream{println:763}]: 	at java.desktop/java.awt.EventDispatchThread.pumpEventsForHierarchy(EventDispatchThread.java:113)
2023-07-01 18:40:15.290 [AWT-EventQueue-0] INFO   - [Throwable$WrappedPrintStream{println:763}]: 	at java.desktop/java.awt.EventDispatchThread.pumpEvents(EventDispatchThread.java:109)
2023-07-01 18:40:15.291 [AWT-EventQueue-0] INFO   - [Throwable$WrappedPrintStream{println:763}]: 	at java.desktop/java.awt.EventDispatchThread.pumpEvents(EventDispatchThread.java:101)
2023-07-01 18:40:15.291 [AWT-EventQueue-0] INFO   - [Throwable$WrappedPrintStream{println:763}]: 	at java.desktop/java.awt.EventDispatchThread.run(EventDispatchThread.java:90)
